<?xml version="1.0" encoding="UTF-8"?>
<testng-results skipped="0" failed="1" ignored="0" total="2" passed="1">
  <reporter-output>
  </reporter-output>
  <suite name="Suite" duration-ms="160675" started-at="2018-09-12T10:41:42Z" finished-at="2018-09-12T10:44:22Z">
    <groups>
    </groups>
    <test name="Test" duration-ms="160675" started-at="2018-09-12T10:41:42Z" finished-at="2018-09-12T10:44:22Z">
      <class name="scripts.LoginPageTest">
        <test-method status="PASS" signature="startTest()[pri:0, instance:scripts.LoginPageTest@33f88ab]" name="startTest" is-config="true" duration-ms="15" started-at="2018-09-12T16:11:42Z" finished-at="2018-09-12T16:11:42Z">
          <reporter-output>
          </reporter-output>
        </test-method> <!-- startTest -->
        <test-method status="PASS" signature="beforeMethod(java.lang.reflect.Method)[pri:0, instance:scripts.LoginPageTest@33f88ab]" name="beforeMethod" is-config="true" duration-ms="16" started-at="2018-09-12T16:11:42Z" finished-at="2018-09-12T16:11:42Z">
          <params>
            <param index="0">
              <value>
                <![CDATA[public void scripts.LoginPageTest.LoginTest() throws java.io.IOException]]>
              </value>
            </param>
          </params>
          <reporter-output>
          </reporter-output>
        </test-method> <!-- beforeMethod -->
        <test-method status="PASS" signature="openApplication()[pri:0, instance:scripts.LoginPageTest@33f88ab]" name="openApplication" is-config="true" duration-ms="7225" started-at="2018-09-12T16:11:42Z" finished-at="2018-09-12T16:11:49Z">
          <reporter-output>
          </reporter-output>
        </test-method> <!-- openApplication -->
        <test-method status="PASS" signature="LoginTest()[pri:0, instance:scripts.LoginPageTest@33f88ab]" name="LoginTest" duration-ms="23500" started-at="2018-09-12T16:11:49Z" finished-at="2018-09-12T16:12:12Z">
          <reporter-output>
          </reporter-output>
        </test-method> <!-- LoginTest -->
        <test-method status="PASS" signature="afterMethod(org.testng.ITestResult)[pri:0, instance:scripts.LoginPageTest@33f88ab]" name="afterMethod" is-config="true" duration-ms="1" started-at="2018-09-12T16:12:12Z" finished-at="2018-09-12T16:12:12Z">
          <params>
            <param index="0">
              <value>
                <![CDATA[[TestResult name=LoginTest status=SUCCESS method=LoginPageTest.LoginTest()[pri:0, instance:scripts.LoginPageTest@33f88ab] output={null}]]]>
              </value>
            </param>
          </params>
          <reporter-output>
          </reporter-output>
        </test-method> <!-- afterMethod -->
        <test-method status="PASS" signature="logout()[pri:0, instance:scripts.LoginPageTest@33f88ab]" name="logout" is-config="true" duration-ms="107" started-at="2018-09-12T16:12:12Z" finished-at="2018-09-12T16:12:13Z">
          <reporter-output>
          </reporter-output>
        </test-method> <!-- logout -->
        <test-method status="PASS" signature="endTest()[pri:0, instance:scripts.LoginPageTest@33f88ab]" name="endTest" is-config="true" duration-ms="966" started-at="2018-09-12T16:12:13Z" finished-at="2018-09-12T16:12:14Z">
          <reporter-output>
          </reporter-output>
        </test-method> <!-- endTest -->
      </class> <!-- scripts.LoginPageTest -->
      <class name="scripts.AddPersonPageTest">
        <test-method status="PASS" signature="startTest()[pri:0, instance:scripts.AddPersonPageTest@27a8c74e]" name="startTest" is-config="true" duration-ms="0" started-at="2018-09-12T16:12:14Z" finished-at="2018-09-12T16:12:14Z">
          <reporter-output>
          </reporter-output>
        </test-method> <!-- startTest -->
        <test-method status="PASS" signature="beforeMethod(java.lang.reflect.Method)[pri:0, instance:scripts.AddPersonPageTest@27a8c74e]" name="beforeMethod" is-config="true" duration-ms="0" started-at="2018-09-12T16:12:14Z" finished-at="2018-09-12T16:12:14Z">
          <params>
            <param index="0">
              <value>
                <![CDATA[public void scripts.AddPersonPageTest.addPersonTest(java.lang.String,java.lang.String,java.lang.String,java.lang.String,java.lang.String,java.lang.String,java.lang.String) throws java.io.IOException]]>
              </value>
            </param>
          </params>
          <reporter-output>
          </reporter-output>
        </test-method> <!-- beforeMethod -->
        <test-method status="PASS" signature="openApplication()[pri:0, instance:scripts.AddPersonPageTest@27a8c74e]" name="openApplication" is-config="true" duration-ms="6461" started-at="2018-09-12T16:12:14Z" finished-at="2018-09-12T16:12:21Z">
          <reporter-output>
          </reporter-output>
        </test-method> <!-- openApplication -->
        <test-method status="FAIL" signature="addPersonTest(java.lang.String, java.lang.String, java.lang.String, java.lang.String, java.lang.String, java.lang.String, java.lang.String)[pri:0, instance:scripts.AddPersonPageTest@27a8c74e]" name="addPersonTest" duration-ms="120599" started-at="2018-09-12T16:12:21Z" data-provider="getAddNewPersonData" finished-at="2018-09-12T16:14:21Z">
          <params>
            <param index="0">
              <value>
                <![CDATA[rajesh]]>
              </value>
            </param>
            <param index="1">
              <value>
                <![CDATA[kanaji]]>
              </value>
            </param>
            <param index="2">
              <value>
                <![CDATA[984231232]]>
              </value>
            </param>
            <param index="3">
              <value>
                <![CDATA[07/15/1987]]>
              </value>
            </param>
            <param index="4">
              <value>
                <![CDATA[1000 Alderman drive]]>
              </value>
            </param>
            <param index="5">
              <value>
                <![CDATA[Alpharetta]]>
              </value>
            </param>
            <param index="6">
              <value>
                <![CDATA[30005.0]]>
              </value>
            </param>
          </params>
          <exception class="org.openqa.selenium.TimeoutException">
            <message>
              <![CDATA[Expected condition failed: waiting for visibility of Proxy element for: DefaultElementLocator 'By.xpath: //b[contains(text(), 'Person Status Detail')]' (tried for 30 second(s) with 500 milliseconds interval)]]>
            </message>
            <full-stacktrace>
              <![CDATA[org.openqa.selenium.TimeoutException: Expected condition failed: waiting for visibility of Proxy element for: DefaultElementLocator 'By.xpath: //b[contains(text(), 'Person Status Detail')]' (tried for 30 second(s) with 500 milliseconds interval)at org.openqa.selenium.support.ui.WebDriverWait.timeoutException(WebDriverWait.java:81)at org.openqa.selenium.support.ui.FluentWait.until(FluentWait.java:271)at testBase.GenericClass.elementTobeVisible(GenericClass.java:114)at pageObject.AddNewPersonPage.addNewPerson(AddNewPersonPage.java:120)at scripts.AddPersonPageTest.addPersonTest(AddPersonPageTest.java:61)at sun.reflect.NativeMethodAccessorImpl.invoke0(Native Method)at sun.reflect.NativeMethodAccessorImpl.invoke(Unknown Source)at sun.reflect.DelegatingMethodAccessorImpl.invoke(Unknown Source)at java.lang.reflect.Method.invoke(Unknown Source)at org.testng.internal.MethodInvocationHelper.invokeMethod(MethodInvocationHelper.java:124)at org.testng.internal.Invoker.invokeMethod(Invoker.java:571)at org.testng.internal.Invoker.invokeTestMethod(Invoker.java:707)at org.testng.internal.Invoker.invokeTestMethods(Invoker.java:979)at org.testng.internal.TestMethodWorker.invokeTestMethods(TestMethodWorker.java:125)at org.testng.internal.TestMethodWorker.run(TestMethodWorker.java:109)at org.testng.TestRunner.privateRun(TestRunner.java:648)at org.testng.TestRunner.run(TestRunner.java:505)at org.testng.SuiteRunner.runTest(SuiteRunner.java:455)at org.testng.SuiteRunner.runSequentially(SuiteRunner.java:450)at org.testng.SuiteRunner.privateRun(SuiteRunner.java:415)at org.testng.SuiteRunner.run(SuiteRunner.java:364)at org.testng.SuiteRunnerWorker.runSuite(SuiteRunnerWorker.java:52)at org.testng.SuiteRunnerWorker.run(SuiteRunnerWorker.java:84)at org.testng.TestNG.runSuitesSequentially(TestNG.java:1187)at org.testng.TestNG.runSuitesLocally(TestNG.java:1116)at org.testng.TestNG.runSuites(TestNG.java:1028)at org.testng.TestNG.run(TestNG.java:996)at org.apache.maven.surefire.testng.TestNGExecutor.run(TestNGExecutor.java:283)at org.apache.maven.surefire.testng.TestNGXmlTestSuite.execute(TestNGXmlTestSuite.java:75)at org.apache.maven.surefire.testng.TestNGProvider.invoke(TestNGProvider.java:120)at org.apache.maven.surefire.booter.ForkedBooter.invokeProviderInSameClassLoader(ForkedBooter.java:383)at org.apache.maven.surefire.booter.ForkedBooter.runSuitesInProcess(ForkedBooter.java:344)at org.apache.maven.surefire.booter.ForkedBooter.execute(ForkedBooter.java:125)at org.apache.maven.surefire.booter.ForkedBooter.main(ForkedBooter.java:417)Caused by: org.openqa.selenium.NoSuchElementException: no such element: Unable to locate element: {"method":"xpath","selector":"//b[contains(text(), 'Person Status Detail')]"}  (Session info: chrome=68.0.3440.106)  (Driver info: chromedriver=2.41.578737 (49da6702b16031c40d63e5618de03a32ff6c197e),platform=Windows NT 6.1.7601 SP1 x86_64) (WARNING: The server did not provide any stacktrace information)Command duration or timeout: 0 millisecondsFor documentation on this error, please visit: http://seleniumhq.org/exceptions/no_such_element.htmlBuild info: version: '3.13.0', revision: '2f0d292', time: '2018-06-25T15:24:21.231Z'System info: host: 'STCBLR01LTP72', ip: '10.93.30.147', os.name: 'Windows 7', os.arch: 'amd64', os.version: '6.1', java.version: '1.8.0_121'Driver info: org.openqa.selenium.chrome.ChromeDriverCapabilities {acceptInsecureCerts: false, acceptSslCerts: false, applicationCacheEnabled: false, browserConnectionEnabled: false, browserName: chrome, chrome: {chromedriverVersion: 2.41.578737 (49da6702b16031..., userDataDir: C:\Users\swamysan\AppData\L...}, cssSelectorsEnabled: true, databaseEnabled: false, goog:chromeOptions: {debuggerAddress: localhost:55480}, handlesAlerts: true, hasTouchScreen: false, javascriptEnabled: true, locationContextEnabled: true, mobileEmulationEnabled: false, nativeEvents: true, networkConnectionEnabled: false, pageLoadStrategy: normal, platform: XP, platformName: XP, rotatable: false, setWindowRect: true, takesHeapSnapshot: true, takesScreenshot: true, unexpectedAlertBehaviour: , unhandledPromptBehavior: , version: 68.0.3440.106, webStorageEnabled: true}Session ID: a2d6aca06d287d8b0179a948e1e91355*** Element info: {Using=xpath, value=//b[contains(text(), 'Person Status Detail')]}at sun.reflect.NativeConstructorAccessorImpl.newInstance0(Native Method)at sun.reflect.NativeConstructorAccessorImpl.newInstance(Unknown Source)at sun.reflect.DelegatingConstructorAccessorImpl.newInstance(Unknown Source)at java.lang.reflect.Constructor.newInstance(Unknown Source)at org.openqa.selenium.remote.ErrorHandler.createThrowable(ErrorHandler.java:214)at org.openqa.selenium.remote.ErrorHandler.throwIfResponseFailed(ErrorHandler.java:166)at org.openqa.selenium.remote.http.JsonHttpResponseCodec.reconstructValue(JsonHttpResponseCodec.java:40)at org.openqa.selenium.remote.http.AbstractHttpResponseCodec.decode(AbstractHttpResponseCodec.java:80)at org.openqa.selenium.remote.http.AbstractHttpResponseCodec.decode(AbstractHttpResponseCodec.java:44)at org.openqa.selenium.remote.HttpCommandExecutor.execute(HttpCommandExecutor.java:158)at org.openqa.selenium.remote.service.DriverCommandExecutor.execute(DriverCommandExecutor.java:83)at org.openqa.selenium.remote.RemoteWebDriver.execute(RemoteWebDriver.java:548)at org.openqa.selenium.remote.RemoteWebDriver.findElement(RemoteWebDriver.java:322)at org.openqa.selenium.remote.RemoteWebDriver.findElementByXPath(RemoteWebDriver.java:424)at org.openqa.selenium.By$ByXPath.findElement(By.java:353)at org.openqa.selenium.remote.RemoteWebDriver.findElement(RemoteWebDriver.java:314)at org.openqa.selenium.support.pagefactory.DefaultElementLocator.findElement(DefaultElementLocator.java:69)at org.openqa.selenium.support.pagefactory.internal.LocatingElementHandler.invoke(LocatingElementHandler.java:38)at com.sun.proxy.$Proxy10.isDisplayed(Unknown Source)at org.openqa.selenium.support.ui.ExpectedConditions.elementIfVisible(ExpectedConditions.java:315)at org.openqa.selenium.support.ui.ExpectedConditions.access$100(ExpectedConditions.java:44)at org.openqa.selenium.support.ui.ExpectedConditions$10.apply(ExpectedConditions.java:301)at org.openqa.selenium.support.ui.ExpectedConditions$10.apply(ExpectedConditions.java:298)at org.openqa.selenium.support.ui.FluentWait.until(FluentWait.java:248)... 32 more]]>
            </full-stacktrace>
          </exception> <!-- org.openqa.selenium.TimeoutException -->
          <reporter-output>
          </reporter-output>
        </test-method> <!-- addPersonTest -->
        <test-method status="PASS" signature="afterMethod(org.testng.ITestResult)[pri:0, instance:scripts.AddPersonPageTest@27a8c74e]" name="afterMethod" is-config="true" duration-ms="325" started-at="2018-09-12T16:14:21Z" finished-at="2018-09-12T16:14:21Z">
          <params>
            <param index="0">
              <value>
                <![CDATA[[TestResult name=addPersonTest status=FAILURE method=AddPersonPageTest.addPersonTest(java.lang.String, java.lang.String, java.lang.String, java.lang.String, java.lang.String, java.lang.String, java.lang.String)[pri:0, instance:scripts.AddPersonPageTest@27a8c74e] output={null}]]]>
              </value>
            </param>
          </params>
          <reporter-output>
          </reporter-output>
        </test-method> <!-- afterMethod -->
        <test-method status="PASS" signature="logout()[pri:0, instance:scripts.AddPersonPageTest@27a8c74e]" name="logout" is-config="true" duration-ms="93" started-at="2018-09-12T16:14:21Z" finished-at="2018-09-12T16:14:22Z">
          <reporter-output>
          </reporter-output>
        </test-method> <!-- logout -->
        <test-method status="PASS" signature="endTest()[pri:0, instance:scripts.AddPersonPageTest@27a8c74e]" name="endTest" is-config="true" duration-ms="805" started-at="2018-09-12T16:14:22Z" finished-at="2018-09-12T16:14:22Z">
          <reporter-output>
          </reporter-output>
        </test-method> <!-- endTest -->
      </class> <!-- scripts.AddPersonPageTest -->
    </test> <!-- Test -->
  </suite> <!-- Suite -->
</testng-results>
